<?xml version="1.0" encoding="UTF-8"?>
<testng-results skipped="0" failed="0" ignored="0" total="1" passed="1">
  <reporter-output>
  </reporter-output>
  <suite name="Default suite" duration-ms="78" started-at="2022-04-28T22:10:07 IST" finished-at="2022-04-28T22:10:07 IST">
    <groups>
    </groups>
    <test name="Default test" duration-ms="78" started-at="2022-04-28T22:10:07 IST" finished-at="2022-04-28T22:10:07 IST">
      <class name="day11.testngsamples.Example_Param7">
        <test-method status="PASS" signature="login()[pri:0, instance:day11.testngsamples.Example_Param7@1786dec2]" name="login" duration-ms="12" started-at="2022-04-28T22:10:07 IST" description="Checking login functionality of Actitime application" finished-at="2022-04-28T22:10:07 IST">
          <reporter-output>
          </reporter-output>
        </test-method> <!-- login -->
      </class> <!-- day11.testngsamples.Example_Param7 -->
    </test> <!-- Default test -->
  </suite> <!-- Default suite -->
</testng-results>
